Arguments: 
  C:\Program Files\nodejs\node.exe C:\Users\karis\AppData\Roaming\npm\node_modules\yarn\bin\yarn.js build

PATH: 
  C:\Users\karis\bin;C:\Program Files\Git\mingw64\bin;C:\Program Files\Git\usr\local\bin;C:\Program Files\Git\usr\bin;C:\Program Files\Git\usr\bin;C:\Program Files\Git\mingw64\bin;C:\Program Files\Git\usr\bin;C:\Users\karis\bin;C:\Windows;C:\Windows\System32\Wbem;C:\Windows\system32;C:\Windows\System32\WindowsPowerShell\v1.0;C:\Program Files (x86)\NVIDIA Corporation\PhysX\Common;C:\Program Files\Git\cmd;C:\Program Files\nodejs;C:\WINDOWS\system32;C:\WINDOWS;C:\WINDOWS\System32\Wbem;C:\WINDOWS\System32\WindowsPowerShell\v1.0;C:\xampp\php;C:\Users\karis\AppData\Local\Microsoft\WindowsApps;C:\Program Files\Heroku\bin;C:\Users\karis\AppData\Roaming\npm;C:\Program Files\Microsoft VS Code\bin;C:\Program Files\MySQL\MySQL Server 5.7\bin;C:\Program Files\MongoDB\Server\3.6\bin;C:\xampp\php;C:\Program Files\Git\usr\bin\vendor_perl;C:\Program Files\Git\usr\bin\core_perl

Yarn version: 
  1.5.1

Node version: 
  6.11.4

Platform: 
  win32 x64

npm manifest: 
  No manifest

yarn manifest: 
  No manifest

Lockfile: 
  No lockfile

Trace: 
  Error: Couldn't find a package.json file in "C:\\users\\karis\\desktop\\FinalProject\\Creativity-Managed"
      at MessageError.Error (native)
      at new MessageError (C:\Users\karis\AppData\Roaming\npm\node_modules\yarn\lib\cli.js:186:110)
      at C:\Users\karis\AppData\Roaming\npm\node_modules\yarn\lib\cli.js:40048:15
      at next (native)
      at step (C:\Users\karis\AppData\Roaming\npm\node_modules\yarn\lib\cli.js:98:30)
      at C:\Users\karis\AppData\Roaming\npm\node_modules\yarn\lib\cli.js:109:13
